<?xml version="1.0" encoding="UTF-8"?>
<testsuite xmlns:xsi="http://www.w3.org/2001/XMLSchema-instance" xsi:noNamespaceSchemaLocation="https://maven.apache.org/surefire/maven-surefire-plugin/xsd/surefire-test-report.xsd" name="com.example.springboot.Springboot04WebApplicationTests" time="9.301" tests="1" errors="0" skipped="0" failures="0">
  <properties>
    <property name="sun.desktop" value="windows"/>
    <property name="awt.toolkit" value="sun.awt.windows.WToolkit"/>
    <property name="java.specification.version" value="11"/>
    <property name="sun.cpu.isalist" value="amd64"/>
    <property name="sun.jnu.encoding" value="GBK"/>
    <property name="java.class.path" value="D:\GithubRepository\springboot\springboot-04-web\target\test-classes;D:\GithubRepository\springboot\springboot-04-web\target\classes;D:\Dinstall\apache-maven-3.6.1\localRepository\org\springframework\boot\spring-boot-starter-web\2.1.14.RELEASE\spring-boot-starter-web-2.1.14.RELEASE.jar;D:\Dinstall\apache-maven-3.6.1\localRepository\org\springframework\boot\spring-boot-starter\2.1.14.RELEASE\spring-boot-starter-2.1.14.RELEASE.jar;D:\Dinstall\apache-maven-3.6.1\localRepository\org\springframework\boot\spring-boot\2.1.14.RELEASE\spring-boot-2.1.14.RELEASE.jar;D:\Dinstall\apache-maven-3.6.1\localRepository\org\springframework\boot\spring-boot-autoconfigure\2.1.14.RELEASE\spring-boot-autoconfigure-2.1.14.RELEASE.jar;D:\Dinstall\apache-maven-3.6.1\localRepository\org\springframework\boot\spring-boot-starter-logging\2.1.14.RELEASE\spring-boot-starter-logging-2.1.14.RELEASE.jar;D:\Dinstall\apache-maven-3.6.1\localRepository\ch\qos\logback\logback-classic\1.2.3\logback-classic-1.2.3.jar;D:\Dinstall\apache-maven-3.6.1\localRepository\ch\qos\logback\logback-core\1.2.3\logback-core-1.2.3.jar;D:\Dinstall\apache-maven-3.6.1\localRepository\org\apache\logging\log4j\log4j-to-slf4j\2.11.2\log4j-to-slf4j-2.11.2.jar;D:\Dinstall\apache-maven-3.6.1\localRepository\org\apache\logging\log4j\log4j-api\2.11.2\log4j-api-2.11.2.jar;D:\Dinstall\apache-maven-3.6.1\localRepository\org\slf4j\jul-to-slf4j\1.7.30\jul-to-slf4j-1.7.30.jar;D:\Dinstall\apache-maven-3.6.1\localRepository\javax\annotation\javax.annotation-api\1.3.2\javax.annotation-api-1.3.2.jar;D:\Dinstall\apache-maven-3.6.1\localRepository\org\yaml\snakeyaml\1.23\snakeyaml-1.23.jar;D:\Dinstall\apache-maven-3.6.1\localRepository\org\springframework\boot\spring-boot-starter-json\2.1.14.RELEASE\spring-boot-starter-json-2.1.14.RELEASE.jar;D:\Dinstall\apache-maven-3.6.1\localRepository\com\fasterxml\jackson\core\jackson-databind\2.9.10.4\jackson-databind-2.9.10.4.jar;D:\Dinstall\apache-maven-3.6.1\localRepository\com\fasterxml\jackson\core\jackson-annotations\2.9.10\jackson-annotations-2.9.10.jar;D:\Dinstall\apache-maven-3.6.1\localRepository\com\fasterxml\jackson\core\jackson-core\2.9.10\jackson-core-2.9.10.jar;D:\Dinstall\apache-maven-3.6.1\localRepository\com\fasterxml\jackson\datatype\jackson-datatype-jdk8\2.9.10\jackson-datatype-jdk8-2.9.10.jar;D:\Dinstall\apache-maven-3.6.1\localRepository\com\fasterxml\jackson\datatype\jackson-datatype-jsr310\2.9.10\jackson-datatype-jsr310-2.9.10.jar;D:\Dinstall\apache-maven-3.6.1\localRepository\com\fasterxml\jackson\module\jackson-module-parameter-names\2.9.10\jackson-module-parameter-names-2.9.10.jar;D:\Dinstall\apache-maven-3.6.1\localRepository\org\hibernate\validator\hibernate-validator\6.0.19.Final\hibernate-validator-6.0.19.Final.jar;D:\Dinstall\apache-maven-3.6.1\localRepository\javax\validation\validation-api\2.0.1.Final\validation-api-2.0.1.Final.jar;D:\Dinstall\apache-maven-3.6.1\localRepository\org\jboss\logging\jboss-logging\3.3.3.Final\jboss-logging-3.3.3.Final.jar;D:\Dinstall\apache-maven-3.6.1\localRepository\com\fasterxml\classmate\1.4.0\classmate-1.4.0.jar;D:\Dinstall\apache-maven-3.6.1\localRepository\org\springframework\spring-web\5.1.15.RELEASE\spring-web-5.1.15.RELEASE.jar;D:\Dinstall\apache-maven-3.6.1\localRepository\org\springframework\spring-beans\5.1.15.RELEASE\spring-beans-5.1.15.RELEASE.jar;D:\Dinstall\apache-maven-3.6.1\localRepository\org\springframework\spring-webmvc\5.1.15.RELEASE\spring-webmvc-5.1.15.RELEASE.jar;D:\Dinstall\apache-maven-3.6.1\localRepository\org\springframework\spring-aop\5.1.15.RELEASE\spring-aop-5.1.15.RELEASE.jar;D:\Dinstall\apache-maven-3.6.1\localRepository\org\springframework\spring-context\5.1.15.RELEASE\spring-context-5.1.15.RELEASE.jar;D:\Dinstall\apache-maven-3.6.1\localRepository\org\springframework\spring-expression\5.1.15.RELEASE\spring-expression-5.1.15.RELEASE.jar;D:\Dinstall\apache-maven-3.6.1\localRepository\org\springframework\boot\spring-boot-starter-jetty\2.1.14.RELEASE\spring-boot-starter-jetty-2.1.14.RELEASE.jar;D:\Dinstall\apache-maven-3.6.1\localRepository\org\eclipse\jetty\jetty-servlets\9.4.28.v20200408\jetty-servlets-9.4.28.v20200408.jar;D:\Dinstall\apache-maven-3.6.1\localRepository\org\eclipse\jetty\jetty-continuation\9.4.28.v20200408\jetty-continuation-9.4.28.v20200408.jar;D:\Dinstall\apache-maven-3.6.1\localRepository\org\eclipse\jetty\jetty-http\9.4.28.v20200408\jetty-http-9.4.28.v20200408.jar;D:\Dinstall\apache-maven-3.6.1\localRepository\org\eclipse\jetty\jetty-util\9.4.28.v20200408\jetty-util-9.4.28.v20200408.jar;D:\Dinstall\apache-maven-3.6.1\localRepository\org\eclipse\jetty\jetty-io\9.4.28.v20200408\jetty-io-9.4.28.v20200408.jar;D:\Dinstall\apache-maven-3.6.1\localRepository\org\eclipse\jetty\jetty-webapp\9.4.28.v20200408\jetty-webapp-9.4.28.v20200408.jar;D:\Dinstall\apache-maven-3.6.1\localRepository\org\eclipse\jetty\jetty-xml\9.4.28.v20200408\jetty-xml-9.4.28.v20200408.jar;D:\Dinstall\apache-maven-3.6.1\localRepository\org\eclipse\jetty\jetty-servlet\9.4.28.v20200408\jetty-servlet-9.4.28.v20200408.jar;D:\Dinstall\apache-maven-3.6.1\localRepository\org\eclipse\jetty\jetty-security\9.4.28.v20200408\jetty-security-9.4.28.v20200408.jar;D:\Dinstall\apache-maven-3.6.1\localRepository\org\eclipse\jetty\jetty-server\9.4.28.v20200408\jetty-server-9.4.28.v20200408.jar;D:\Dinstall\apache-maven-3.6.1\localRepository\org\eclipse\jetty\websocket\websocket-server\9.4.28.v20200408\websocket-server-9.4.28.v20200408.jar;D:\Dinstall\apache-maven-3.6.1\localRepository\org\eclipse\jetty\websocket\websocket-common\9.4.28.v20200408\websocket-common-9.4.28.v20200408.jar;D:\Dinstall\apache-maven-3.6.1\localRepository\org\eclipse\jetty\websocket\websocket-api\9.4.28.v20200408\websocket-api-9.4.28.v20200408.jar;D:\Dinstall\apache-maven-3.6.1\localRepository\org\eclipse\jetty\websocket\websocket-client\9.4.28.v20200408\websocket-client-9.4.28.v20200408.jar;D:\Dinstall\apache-maven-3.6.1\localRepository\org\eclipse\jetty\jetty-client\9.4.28.v20200408\jetty-client-9.4.28.v20200408.jar;D:\Dinstall\apache-maven-3.6.1\localRepository\org\eclipse\jetty\websocket\websocket-servlet\9.4.28.v20200408\websocket-servlet-9.4.28.v20200408.jar;D:\Dinstall\apache-maven-3.6.1\localRepository\javax\servlet\javax.servlet-api\4.0.1\javax.servlet-api-4.0.1.jar;D:\Dinstall\apache-maven-3.6.1\localRepository\org\eclipse\jetty\websocket\javax-websocket-server-impl\9.4.28.v20200408\javax-websocket-server-impl-9.4.28.v20200408.jar;D:\Dinstall\apache-maven-3.6.1\localRepository\org\eclipse\jetty\jetty-annotations\9.4.28.v20200408\jetty-annotations-9.4.28.v20200408.jar;D:\Dinstall\apache-maven-3.6.1\localRepository\org\eclipse\jetty\jetty-plus\9.4.28.v20200408\jetty-plus-9.4.28.v20200408.jar;D:\Dinstall\apache-maven-3.6.1\localRepository\org\ow2\asm\asm\7.2\asm-7.2.jar;D:\Dinstall\apache-maven-3.6.1\localRepository\org\ow2\asm\asm-commons\7.2\asm-commons-7.2.jar;D:\Dinstall\apache-maven-3.6.1\localRepository\org\ow2\asm\asm-tree\7.2\asm-tree-7.2.jar;D:\Dinstall\apache-maven-3.6.1\localRepository\org\ow2\asm\asm-analysis\7.2\asm-analysis-7.2.jar;D:\Dinstall\apache-maven-3.6.1\localRepository\org\eclipse\jetty\websocket\javax-websocket-client-impl\9.4.28.v20200408\javax-websocket-client-impl-9.4.28.v20200408.jar;D:\Dinstall\apache-maven-3.6.1\localRepository\javax\websocket\javax.websocket-api\1.1\javax.websocket-api-1.1.jar;D:\Dinstall\apache-maven-3.6.1\localRepository\org\mortbay\jasper\apache-el\8.5.54\apache-el-8.5.54.jar;D:\Dinstall\apache-maven-3.6.1\localRepository\org\webjars\jquery\3.5.1\jquery-3.5.1.jar;D:\Dinstall\apache-maven-3.6.1\localRepository\org\webjars\bootstrap\4.5.0\bootstrap-4.5.0.jar;D:\Dinstall\apache-maven-3.6.1\localRepository\org\webjars\popper.js\1.16.0\popper.js-1.16.0.jar;D:\Dinstall\apache-maven-3.6.1\localRepository\org\springframework\boot\spring-boot-starter-thymeleaf\2.1.14.RELEASE\spring-boot-starter-thymeleaf-2.1.14.RELEASE.jar;D:\Dinstall\apache-maven-3.6.1\localRepository\org\thymeleaf\thymeleaf-spring5\3.0.11.RELEASE\thymeleaf-spring5-3.0.11.RELEASE.jar;D:\Dinstall\apache-maven-3.6.1\localRepository\org\thymeleaf\thymeleaf\3.0.11.RELEASE\thymeleaf-3.0.11.RELEASE.jar;D:\Dinstall\apache-maven-3.6.1\localRepository\org\attoparser\attoparser\2.0.5.RELEASE\attoparser-2.0.5.RELEASE.jar;D:\Dinstall\apache-maven-3.6.1\localRepository\org\unbescape\unbescape\1.1.6.RELEASE\unbescape-1.1.6.RELEASE.jar;D:\Dinstall\apache-maven-3.6.1\localRepository\org\slf4j\slf4j-api\1.7.30\slf4j-api-1.7.30.jar;D:\Dinstall\apache-maven-3.6.1\localRepository\org\thymeleaf\extras\thymeleaf-extras-java8time\3.0.4.RELEASE\thymeleaf-extras-java8time-3.0.4.RELEASE.jar;D:\Dinstall\apache-maven-3.6.1\localRepository\org\springframework\boot\spring-boot-starter-test\2.1.14.RELEASE\spring-boot-starter-test-2.1.14.RELEASE.jar;D:\Dinstall\apache-maven-3.6.1\localRepository\org\springframework\boot\spring-boot-test\2.1.14.RELEASE\spring-boot-test-2.1.14.RELEASE.jar;D:\Dinstall\apache-maven-3.6.1\localRepository\org\springframework\boot\spring-boot-test-autoconfigure\2.1.14.RELEASE\spring-boot-test-autoconfigure-2.1.14.RELEASE.jar;D:\Dinstall\apache-maven-3.6.1\localRepository\com\jayway\jsonpath\json-path\2.4.0\json-path-2.4.0.jar;D:\Dinstall\apache-maven-3.6.1\localRepository\net\minidev\json-smart\2.3\json-smart-2.3.jar;D:\Dinstall\apache-maven-3.6.1\localRepository\net\minidev\accessors-smart\1.2\accessors-smart-1.2.jar;D:\Dinstall\apache-maven-3.6.1\localRepository\junit\junit\4.12\junit-4.12.jar;D:\Dinstall\apache-maven-3.6.1\localRepository\org\assertj\assertj-core\3.11.1\assertj-core-3.11.1.jar;D:\Dinstall\apache-maven-3.6.1\localRepository\org\mockito\mockito-core\2.23.4\mockito-core-2.23.4.jar;D:\Dinstall\apache-maven-3.6.1\localRepository\net\bytebuddy\byte-buddy\1.9.16\byte-buddy-1.9.16.jar;D:\Dinstall\apache-maven-3.6.1\localRepository\net\bytebuddy\byte-buddy-agent\1.9.16\byte-buddy-agent-1.9.16.jar;D:\Dinstall\apache-maven-3.6.1\localRepository\org\objenesis\objenesis\2.6\objenesis-2.6.jar;D:\Dinstall\apache-maven-3.6.1\localRepository\org\hamcrest\hamcrest-core\1.3\hamcrest-core-1.3.jar;D:\Dinstall\apache-maven-3.6.1\localRepository\org\hamcrest\hamcrest-library\1.3\hamcrest-library-1.3.jar;D:\Dinstall\apache-maven-3.6.1\localRepository\org\skyscreamer\jsonassert\1.5.0\jsonassert-1.5.0.jar;D:\Dinstall\apache-maven-3.6.1\localRepository\com\vaadin\external\google\android-json\0.0.20131108.vaadin1\android-json-0.0.20131108.vaadin1.jar;D:\Dinstall\apache-maven-3.6.1\localRepository\org\springframework\spring-core\5.1.15.RELEASE\spring-core-5.1.15.RELEASE.jar;D:\Dinstall\apache-maven-3.6.1\localRepository\org\springframework\spring-jcl\5.1.15.RELEASE\spring-jcl-5.1.15.RELEASE.jar;D:\Dinstall\apache-maven-3.6.1\localRepository\org\springframework\spring-test\5.1.15.RELEASE\spring-test-5.1.15.RELEASE.jar;D:\Dinstall\apache-maven-3.6.1\localRepository\org\xmlunit\xmlunit-core\2.6.4\xmlunit-core-2.6.4.jar;D:\Dinstall\apache-maven-3.6.1\localRepository\javax\xml\bind\jaxb-api\2.3.1\jaxb-api-2.3.1.jar;D:\Dinstall\apache-maven-3.6.1\localRepository\javax\activation\javax.activation-api\1.2.0\javax.activation-api-1.2.0.jar;"/>
    <property name="java.vm.vendor" value="Oracle Corporation"/>
    <property name="sun.arch.data.model" value="64"/>
    <property name="user.variant" value=""/>
    <property name="java.vendor.url" value="http://java.oracle.com/"/>
    <property name="user.timezone" value="Asia/Shanghai"/>
    <property name="java.vm.specification.version" value="11"/>
    <property name="os.name" value="Windows 10"/>
    <property name="sun.java.launcher" value="SUN_STANDARD"/>
    <property name="user.country" value="CN"/>
    <property name="sun.boot.library.path" value="C:\Program Files\Java\jdk-11.0.5\bin"/>
    <property name="sun.java.command" value="C:\Users\ntumc\AppData\Local\Temp\surefire14483299584927730446\surefirebooter9590601790142278905.jar C:\Users\ntumc\AppData\Local\Temp\surefire14483299584927730446 2020-06-27T15-49-33_338-jvmRun1 surefire6737963185995765263tmp surefire_01680166497416164924tmp"/>
    <property name="jdk.debug" value="release"/>
    <property name="surefire.test.class.path" value="D:\GithubRepository\springboot\springboot-04-web\target\test-classes;D:\GithubRepository\springboot\springboot-04-web\target\classes;D:\Dinstall\apache-maven-3.6.1\localRepository\org\springframework\boot\spring-boot-starter-web\2.1.14.RELEASE\spring-boot-starter-web-2.1.14.RELEASE.jar;D:\Dinstall\apache-maven-3.6.1\localRepository\org\springframework\boot\spring-boot-starter\2.1.14.RELEASE\spring-boot-starter-2.1.14.RELEASE.jar;D:\Dinstall\apache-maven-3.6.1\localRepository\org\springframework\boot\spring-boot\2.1.14.RELEASE\spring-boot-2.1.14.RELEASE.jar;D:\Dinstall\apache-maven-3.6.1\localRepository\org\springframework\boot\spring-boot-autoconfigure\2.1.14.RELEASE\spring-boot-autoconfigure-2.1.14.RELEASE.jar;D:\Dinstall\apache-maven-3.6.1\localRepository\org\springframework\boot\spring-boot-starter-logging\2.1.14.RELEASE\spring-boot-starter-logging-2.1.14.RELEASE.jar;D:\Dinstall\apache-maven-3.6.1\localRepository\ch\qos\logback\logback-classic\1.2.3\logback-classic-1.2.3.jar;D:\Dinstall\apache-maven-3.6.1\localRepository\ch\qos\logback\logback-core\1.2.3\logback-core-1.2.3.jar;D:\Dinstall\apache-maven-3.6.1\localRepository\org\apache\logging\log4j\log4j-to-slf4j\2.11.2\log4j-to-slf4j-2.11.2.jar;D:\Dinstall\apache-maven-3.6.1\localRepository\org\apache\logging\log4j\log4j-api\2.11.2\log4j-api-2.11.2.jar;D:\Dinstall\apache-maven-3.6.1\localRepository\org\slf4j\jul-to-slf4j\1.7.30\jul-to-slf4j-1.7.30.jar;D:\Dinstall\apache-maven-3.6.1\localRepository\javax\annotation\javax.annotation-api\1.3.2\javax.annotation-api-1.3.2.jar;D:\Dinstall\apache-maven-3.6.1\localRepository\org\yaml\snakeyaml\1.23\snakeyaml-1.23.jar;D:\Dinstall\apache-maven-3.6.1\localRepository\org\springframework\boot\spring-boot-starter-json\2.1.14.RELEASE\spring-boot-starter-json-2.1.14.RELEASE.jar;D:\Dinstall\apache-maven-3.6.1\localRepository\com\fasterxml\jackson\core\jackson-databind\2.9.10.4\jackson-databind-2.9.10.4.jar;D:\Dinstall\apache-maven-3.6.1\localRepository\com\fasterxml\jackson\core\jackson-annotations\2.9.10\jackson-annotations-2.9.10.jar;D:\Dinstall\apache-maven-3.6.1\localRepository\com\fasterxml\jackson\core\jackson-core\2.9.10\jackson-core-2.9.10.jar;D:\Dinstall\apache-maven-3.6.1\localRepository\com\fasterxml\jackson\datatype\jackson-datatype-jdk8\2.9.10\jackson-datatype-jdk8-2.9.10.jar;D:\Dinstall\apache-maven-3.6.1\localRepository\com\fasterxml\jackson\datatype\jackson-datatype-jsr310\2.9.10\jackson-datatype-jsr310-2.9.10.jar;D:\Dinstall\apache-maven-3.6.1\localRepository\com\fasterxml\jackson\module\jackson-module-parameter-names\2.9.10\jackson-module-parameter-names-2.9.10.jar;D:\Dinstall\apache-maven-3.6.1\localRepository\org\hibernate\validator\hibernate-validator\6.0.19.Final\hibernate-validator-6.0.19.Final.jar;D:\Dinstall\apache-maven-3.6.1\localRepository\javax\validation\validation-api\2.0.1.Final\validation-api-2.0.1.Final.jar;D:\Dinstall\apache-maven-3.6.1\localRepository\org\jboss\logging\jboss-logging\3.3.3.Final\jboss-logging-3.3.3.Final.jar;D:\Dinstall\apache-maven-3.6.1\localRepository\com\fasterxml\classmate\1.4.0\classmate-1.4.0.jar;D:\Dinstall\apache-maven-3.6.1\localRepository\org\springframework\spring-web\5.1.15.RELEASE\spring-web-5.1.15.RELEASE.jar;D:\Dinstall\apache-maven-3.6.1\localRepository\org\springframework\spring-beans\5.1.15.RELEASE\spring-beans-5.1.15.RELEASE.jar;D:\Dinstall\apache-maven-3.6.1\localRepository\org\springframework\spring-webmvc\5.1.15.RELEASE\spring-webmvc-5.1.15.RELEASE.jar;D:\Dinstall\apache-maven-3.6.1\localRepository\org\springframework\spring-aop\5.1.15.RELEASE\spring-aop-5.1.15.RELEASE.jar;D:\Dinstall\apache-maven-3.6.1\localRepository\org\springframework\spring-context\5.1.15.RELEASE\spring-context-5.1.15.RELEASE.jar;D:\Dinstall\apache-maven-3.6.1\localRepository\org\springframework\spring-expression\5.1.15.RELEASE\spring-expression-5.1.15.RELEASE.jar;D:\Dinstall\apache-maven-3.6.1\localRepository\org\springframework\boot\spring-boot-starter-jetty\2.1.14.RELEASE\spring-boot-starter-jetty-2.1.14.RELEASE.jar;D:\Dinstall\apache-maven-3.6.1\localRepository\org\eclipse\jetty\jetty-servlets\9.4.28.v20200408\jetty-servlets-9.4.28.v20200408.jar;D:\Dinstall\apache-maven-3.6.1\localRepository\org\eclipse\jetty\jetty-continuation\9.4.28.v20200408\jetty-continuation-9.4.28.v20200408.jar;D:\Dinstall\apache-maven-3.6.1\localRepository\org\eclipse\jetty\jetty-http\9.4.28.v20200408\jetty-http-9.4.28.v20200408.jar;D:\Dinstall\apache-maven-3.6.1\localRepository\org\eclipse\jetty\jetty-util\9.4.28.v20200408\jetty-util-9.4.28.v20200408.jar;D:\Dinstall\apache-maven-3.6.1\localRepository\org\eclipse\jetty\jetty-io\9.4.28.v20200408\jetty-io-9.4.28.v20200408.jar;D:\Dinstall\apache-maven-3.6.1\localRepository\org\eclipse\jetty\jetty-webapp\9.4.28.v20200408\jetty-webapp-9.4.28.v20200408.jar;D:\Dinstall\apache-maven-3.6.1\localRepository\org\eclipse\jetty\jetty-xml\9.4.28.v20200408\jetty-xml-9.4.28.v20200408.jar;D:\Dinstall\apache-maven-3.6.1\localRepository\org\eclipse\jetty\jetty-servlet\9.4.28.v20200408\jetty-servlet-9.4.28.v20200408.jar;D:\Dinstall\apache-maven-3.6.1\localRepository\org\eclipse\jetty\jetty-security\9.4.28.v20200408\jetty-security-9.4.28.v20200408.jar;D:\Dinstall\apache-maven-3.6.1\localRepository\org\eclipse\jetty\jetty-server\9.4.28.v20200408\jetty-server-9.4.28.v20200408.jar;D:\Dinstall\apache-maven-3.6.1\localRepository\org\eclipse\jetty\websocket\websocket-server\9.4.28.v20200408\websocket-server-9.4.28.v20200408.jar;D:\Dinstall\apache-maven-3.6.1\localRepository\org\eclipse\jetty\websocket\websocket-common\9.4.28.v20200408\websocket-common-9.4.28.v20200408.jar;D:\Dinstall\apache-maven-3.6.1\localRepository\org\eclipse\jetty\websocket\websocket-api\9.4.28.v20200408\websocket-api-9.4.28.v20200408.jar;D:\Dinstall\apache-maven-3.6.1\localRepository\org\eclipse\jetty\websocket\websocket-client\9.4.28.v20200408\websocket-client-9.4.28.v20200408.jar;D:\Dinstall\apache-maven-3.6.1\localRepository\org\eclipse\jetty\jetty-client\9.4.28.v20200408\jetty-client-9.4.28.v20200408.jar;D:\Dinstall\apache-maven-3.6.1\localRepository\org\eclipse\jetty\websocket\websocket-servlet\9.4.28.v20200408\websocket-servlet-9.4.28.v20200408.jar;D:\Dinstall\apache-maven-3.6.1\localRepository\javax\servlet\javax.servlet-api\4.0.1\javax.servlet-api-4.0.1.jar;D:\Dinstall\apache-maven-3.6.1\localRepository\org\eclipse\jetty\websocket\javax-websocket-server-impl\9.4.28.v20200408\javax-websocket-server-impl-9.4.28.v20200408.jar;D:\Dinstall\apache-maven-3.6.1\localRepository\org\eclipse\jetty\jetty-annotations\9.4.28.v20200408\jetty-annotations-9.4.28.v20200408.jar;D:\Dinstall\apache-maven-3.6.1\localRepository\org\eclipse\jetty\jetty-plus\9.4.28.v20200408\jetty-plus-9.4.28.v20200408.jar;D:\Dinstall\apache-maven-3.6.1\localRepository\org\ow2\asm\asm\7.2\asm-7.2.jar;D:\Dinstall\apache-maven-3.6.1\localRepository\org\ow2\asm\asm-commons\7.2\asm-commons-7.2.jar;D:\Dinstall\apache-maven-3.6.1\localRepository\org\ow2\asm\asm-tree\7.2\asm-tree-7.2.jar;D:\Dinstall\apache-maven-3.6.1\localRepository\org\ow2\asm\asm-analysis\7.2\asm-analysis-7.2.jar;D:\Dinstall\apache-maven-3.6.1\localRepository\org\eclipse\jetty\websocket\javax-websocket-client-impl\9.4.28.v20200408\javax-websocket-client-impl-9.4.28.v20200408.jar;D:\Dinstall\apache-maven-3.6.1\localRepository\javax\websocket\javax.websocket-api\1.1\javax.websocket-api-1.1.jar;D:\Dinstall\apache-maven-3.6.1\localRepository\org\mortbay\jasper\apache-el\8.5.54\apache-el-8.5.54.jar;D:\Dinstall\apache-maven-3.6.1\localRepository\org\webjars\jquery\3.5.1\jquery-3.5.1.jar;D:\Dinstall\apache-maven-3.6.1\localRepository\org\webjars\bootstrap\4.5.0\bootstrap-4.5.0.jar;D:\Dinstall\apache-maven-3.6.1\localRepository\org\webjars\popper.js\1.16.0\popper.js-1.16.0.jar;D:\Dinstall\apache-maven-3.6.1\localRepository\org\springframework\boot\spring-boot-starter-thymeleaf\2.1.14.RELEASE\spring-boot-starter-thymeleaf-2.1.14.RELEASE.jar;D:\Dinstall\apache-maven-3.6.1\localRepository\org\thymeleaf\thymeleaf-spring5\3.0.11.RELEASE\thymeleaf-spring5-3.0.11.RELEASE.jar;D:\Dinstall\apache-maven-3.6.1\localRepository\org\thymeleaf\thymeleaf\3.0.11.RELEASE\thymeleaf-3.0.11.RELEASE.jar;D:\Dinstall\apache-maven-3.6.1\localRepository\org\attoparser\attoparser\2.0.5.RELEASE\attoparser-2.0.5.RELEASE.jar;D:\Dinstall\apache-maven-3.6.1\localRepository\org\unbescape\unbescape\1.1.6.RELEASE\unbescape-1.1.6.RELEASE.jar;D:\Dinstall\apache-maven-3.6.1\localRepository\org\slf4j\slf4j-api\1.7.30\slf4j-api-1.7.30.jar;D:\Dinstall\apache-maven-3.6.1\localRepository\org\thymeleaf\extras\thymeleaf-extras-java8time\3.0.4.RELEASE\thymeleaf-extras-java8time-3.0.4.RELEASE.jar;D:\Dinstall\apache-maven-3.6.1\localRepository\org\springframework\boot\spring-boot-starter-test\2.1.14.RELEASE\spring-boot-starter-test-2.1.14.RELEASE.jar;D:\Dinstall\apache-maven-3.6.1\localRepository\org\springframework\boot\spring-boot-test\2.1.14.RELEASE\spring-boot-test-2.1.14.RELEASE.jar;D:\Dinstall\apache-maven-3.6.1\localRepository\org\springframework\boot\spring-boot-test-autoconfigure\2.1.14.RELEASE\spring-boot-test-autoconfigure-2.1.14.RELEASE.jar;D:\Dinstall\apache-maven-3.6.1\localRepository\com\jayway\jsonpath\json-path\2.4.0\json-path-2.4.0.jar;D:\Dinstall\apache-maven-3.6.1\localRepository\net\minidev\json-smart\2.3\json-smart-2.3.jar;D:\Dinstall\apache-maven-3.6.1\localRepository\net\minidev\accessors-smart\1.2\accessors-smart-1.2.jar;D:\Dinstall\apache-maven-3.6.1\localRepository\junit\junit\4.12\junit-4.12.jar;D:\Dinstall\apache-maven-3.6.1\localRepository\org\assertj\assertj-core\3.11.1\assertj-core-3.11.1.jar;D:\Dinstall\apache-maven-3.6.1\localRepository\org\mockito\mockito-core\2.23.4\mockito-core-2.23.4.jar;D:\Dinstall\apache-maven-3.6.1\localRepository\net\bytebuddy\byte-buddy\1.9.16\byte-buddy-1.9.16.jar;D:\Dinstall\apache-maven-3.6.1\localRepository\net\bytebuddy\byte-buddy-agent\1.9.16\byte-buddy-agent-1.9.16.jar;D:\Dinstall\apache-maven-3.6.1\localRepository\org\objenesis\objenesis\2.6\objenesis-2.6.jar;D:\Dinstall\apache-maven-3.6.1\localRepository\org\hamcrest\hamcrest-core\1.3\hamcrest-core-1.3.jar;D:\Dinstall\apache-maven-3.6.1\localRepository\org\hamcrest\hamcrest-library\1.3\hamcrest-library-1.3.jar;D:\Dinstall\apache-maven-3.6.1\localRepository\org\skyscreamer\jsonassert\1.5.0\jsonassert-1.5.0.jar;D:\Dinstall\apache-maven-3.6.1\localRepository\com\vaadin\external\google\android-json\0.0.20131108.vaadin1\android-json-0.0.20131108.vaadin1.jar;D:\Dinstall\apache-maven-3.6.1\localRepository\org\springframework\spring-core\5.1.15.RELEASE\spring-core-5.1.15.RELEASE.jar;D:\Dinstall\apache-maven-3.6.1\localRepository\org\springframework\spring-jcl\5.1.15.RELEASE\spring-jcl-5.1.15.RELEASE.jar;D:\Dinstall\apache-maven-3.6.1\localRepository\org\springframework\spring-test\5.1.15.RELEASE\spring-test-5.1.15.RELEASE.jar;D:\Dinstall\apache-maven-3.6.1\localRepository\org\xmlunit\xmlunit-core\2.6.4\xmlunit-core-2.6.4.jar;D:\Dinstall\apache-maven-3.6.1\localRepository\javax\xml\bind\jaxb-api\2.3.1\jaxb-api-2.3.1.jar;D:\Dinstall\apache-maven-3.6.1\localRepository\javax\activation\javax.activation-api\1.2.0\javax.activation-api-1.2.0.jar;"/>
    <property name="sun.cpu.endian" value="little"/>
    <property name="user.home" value="C:\Users\ntumc"/>
    <property name="user.language" value="zh"/>
    <property name="java.specification.vendor" value="Oracle Corporation"/>
    <property name="java.version.date" value="2019-10-15"/>
    <property name="java.home" value="C:\Program Files\Java\jdk-11.0.5"/>
    <property name="file.separator" value="\"/>
    <property name="basedir" value="D:\GithubRepository\springboot\springboot-04-web"/>
    <property name="java.vm.compressedOopsMode" value="32-bit"/>
    <property name="line.separator" value="&#10;"/>
    <property name="java.specification.name" value="Java Platform API Specification"/>
    <property name="java.vm.specification.vendor" value="Oracle Corporation"/>
    <property name="java.awt.graphicsenv" value="sun.awt.Win32GraphicsEnvironment"/>
    <property name="idea.version2020.1.2" value="true"/>
    <property name="surefire.real.class.path" value="C:\Users\ntumc\AppData\Local\Temp\surefire14483299584927730446\surefirebooter9590601790142278905.jar"/>
    <property name="user.script" value=""/>
    <property name="sun.management.compiler" value="HotSpot 64-Bit Tiered Compilers"/>
    <property name="java.runtime.version" value="11.0.5+10-LTS"/>
    <property name="user.name" value="liu"/>
    <property name="path.separator" value=";"/>
    <property name="os.version" value="10.0"/>
    <property name="java.runtime.name" value="Java(TM) SE Runtime Environment"/>
    <property name="file.encoding" value="GBK"/>
    <property name="java.vm.name" value="Java HotSpot(TM) 64-Bit Server VM"/>
    <property name="java.vendor.version" value="18.9"/>
    <property name="localRepository" value="D:\Dinstall\apache-maven-3.6.1\localRepository"/>
    <property name="java.vendor.url.bug" value="http://bugreport.java.com/bugreport/"/>
    <property name="java.io.tmpdir" value="C:\Users\ntumc\AppData\Local\Temp\"/>
    <property name="java.version" value="11.0.5"/>
    <property name="user.dir" value="D:\GithubRepository\springboot\springboot-04-web"/>
    <property name="os.arch" value="amd64"/>
    <property name="java.vm.specification.name" value="Java Virtual Machine Specification"/>
    <property name="java.awt.printerjob" value="sun.awt.windows.WPrinterJob"/>
    <property name="sun.os.patch.level" value=""/>
    <property name="java.library.path" value="C:\Program Files\Java\jdk-11.0.5\bin;C:\WINDOWS\Sun\Java\bin;C:\WINDOWS\system32;C:\WINDOWS;C:\Program Files (x86)\NetSarang\Xshell 6\;C:\Program Files (x86)\NetSarang\Xftp 6\;C:\Program Files (x86)\Common Files\NetSarang;C:\WINDOWS\system32;C:\WINDOWS;C:\WINDOWS\System32\Wbem;C:\WINDOWS\System32\WindowsPowerShell\v1.0\;C:\WINDOWS\System32\OpenSSH\;C:\Program Files\Microsoft SQL Server\110\Tools\Binn\;C:\Program Files\MySQL\MySQL Server 8.0\bin;C:\Program Files\MATLAB\R2013a\runtime\win64;C:\Program Files\MATLAB\R2013a\bin;D:\Dinstall\apache-tomcat-9.0.30\bin;D:\Dinstall\apache-maven-3.6.1\bin;C:\Program Files (x86)\Common Files\Thunder Network\KanKan\Codecs;C:\Program Files\Java\jdk-11.0.5\bin;C:\Program Files\Java\jdk-11.0.5\jre\bin;D:\Dinstall\Git\cmd;D:\Dinstall\ffmpeg-4.2.3-win64-static\bin;D:\Dinstall\you-get;D:\Dinstall\youtube-dl;D:\Dinstall\Python\Scripts\;D:\Dinstall\Python\;C:\Users\ntumc\AppData\Local\Microsoft\WindowsApps;C:\Users\ntumc\AppData\Local\atom\bin;C:\Users\ntumc\AppData\Local\Programs\Microsoft VS Code\bin;C:\Program Files\JetBrains\IntelliJ IDEA 2019.3.1\bin;C:\Program Files\JetBrains\PyCharm 2019.3.1\bin;C:\Program Files\JetBrains\WebStorm 2019.3.1\bin;C:\Users\ntumc\AppData\Local\Microsoft\WindowsApps;C:\Program Files\JetBrains\IntelliJ IDEA 2020.1.1\bin;;;."/>
    <property name="java.vendor" value="Oracle Corporation"/>
    <property name="java.vm.info" value="mixed mode"/>
    <property name="java.vm.version" value="11.0.5+10-LTS"/>
    <property name="sun.io.unicode.encoding" value="UnicodeLittle"/>
    <property name="java.class.version" value="55.0"/>
  </properties>
  <testcase name="contextLoads" classname="com.example.springboot.Springboot04WebApplicationTests" time="0.876"/>
</testsuite>